[2017-04-25 10:11:44] [info] Start Program:
Path:"./Debug/Lab5-6.exe"
Arguments:
Working directory: not set.
Modules: Selected: * Excluded: 
Sources: Selected: Lab5-6 Excluded: 
Log Level: Normal
Cover Children: 0
Aggregate by file: 1
Continue after C++ exception: 0
Optimized build support: 0
Export: Html 
Input coverage: 
Unified diff: 
Excluded line regular expressions: 

[2017-04-25 10:11:44] [info] Module: C:\Users\Cristian\Desktop\Lab5-6 Update - 2\Debug\Lab5-6.exe is selected because it matches selected pattern: *
[2017-04-25 10:11:44] [info] Module: C:\Windows\System32\ntdll.dll is selected because it matches selected pattern: *
[2017-04-25 10:11:44] [warning] Cannot find pdb for C:\Windows\System32\ntdll.dll
[2017-04-25 10:11:44] [info] Module: C:\Windows\SysWOW64\ntdll.dll is selected because it matches selected pattern: *
[2017-04-25 10:11:44] [warning] Cannot find pdb for C:\Windows\SysWOW64\ntdll.dll
[2017-04-25 10:11:44] [info] Module: C:\Windows\System32\wow64.dll is selected because it matches selected pattern: *
[2017-04-25 10:11:44] [warning] Cannot find pdb for C:\Windows\System32\wow64.dll
[2017-04-25 10:11:44] [info] Module: C:\Windows\System32\wow64win.dll is selected because it matches selected pattern: *
[2017-04-25 10:11:44] [warning] Cannot find pdb for C:\Windows\System32\wow64win.dll
[2017-04-25 10:11:44] [info] Module: C:\Windows\System32\kernel32.dll is selected because it matches selected pattern: *
[2017-04-25 10:11:44] [warning] Cannot find pdb for C:\Windows\System32\kernel32.dll
[2017-04-25 10:11:44] [info] Module: C:\Windows\SysWOW64\kernel32.dll is selected because it matches selected pattern: *
[2017-04-25 10:11:44] [warning] Cannot find pdb for C:\Windows\SysWOW64\kernel32.dll
[2017-04-25 10:11:44] [info] Module: C:\Windows\System32\kernel32.dll is selected because it matches selected pattern: *
[2017-04-25 10:11:44] [warning] Cannot find pdb for C:\Windows\System32\kernel32.dll
[2017-04-25 10:11:44] [info] Module: C:\Windows\System32\user32.dll is selected because it matches selected pattern: *
[2017-04-25 10:11:44] [warning] Cannot find pdb for C:\Windows\System32\user32.dll
[2017-04-25 10:11:44] [info] Module: C:\Windows\System32\wow64cpu.dll is selected because it matches selected pattern: *
[2017-04-25 10:11:44] [warning] Cannot find pdb for C:\Windows\System32\wow64cpu.dll
[2017-04-25 10:11:44] [info] Module: C:\Windows\SysWOW64\kernel32.dll is selected because it matches selected pattern: *
[2017-04-25 10:11:44] [warning] Cannot find pdb for C:\Windows\SysWOW64\kernel32.dll
[2017-04-25 10:11:44] [info] Module: C:\Windows\SysWOW64\KernelBase.dll is selected because it matches selected pattern: *
[2017-04-25 10:11:44] [warning] Cannot find pdb for C:\Windows\SysWOW64\KernelBase.dll
[2017-04-25 10:11:44] [info] Module: C:\Windows\SysWOW64\shell32.dll is selected because it matches selected pattern: *
[2017-04-25 10:11:44] [warning] Cannot find pdb for C:\Windows\SysWOW64\shell32.dll
[2017-04-25 10:11:44] [info] Module: C:\Windows\SysWOW64\msvcrt.dll is selected because it matches selected pattern: *
[2017-04-25 10:11:44] [warning] Cannot find pdb for C:\Windows\SysWOW64\msvcrt.dll
[2017-04-25 10:11:44] [info] Module: C:\Windows\SysWOW64\cfgmgr32.dll is selected because it matches selected pattern: *
[2017-04-25 10:11:44] [warning] Cannot find pdb for C:\Windows\SysWOW64\cfgmgr32.dll
[2017-04-25 10:11:44] [info] Module: C:\Windows\SysWOW64\windows.storage.dll is selected because it matches selected pattern: *
[2017-04-25 10:11:44] [warning] Cannot find pdb for C:\Windows\SysWOW64\windows.storage.dll
[2017-04-25 10:11:44] [info] Module: C:\Windows\SysWOW64\combase.dll is selected because it matches selected pattern: *
[2017-04-25 10:11:44] [warning] Cannot find pdb for C:\Windows\SysWOW64\combase.dll
[2017-04-25 10:11:44] [info] Module: C:\Windows\SysWOW64\ucrtbase.dll is selected because it matches selected pattern: *
[2017-04-25 10:11:44] [warning] Cannot find pdb for C:\Windows\SysWOW64\ucrtbase.dll
[2017-04-25 10:11:44] [info] Module: C:\Windows\SysWOW64\rpcrt4.dll is selected because it matches selected pattern: *
[2017-04-25 10:11:44] [warning] Cannot find pdb for C:\Windows\SysWOW64\rpcrt4.dll
[2017-04-25 10:11:44] [info] Module: C:\Windows\SysWOW64\sspicli.dll is selected because it matches selected pattern: *
[2017-04-25 10:11:44] [warning] Cannot find pdb for C:\Windows\SysWOW64\sspicli.dll
[2017-04-25 10:11:44] [info] Module: C:\Windows\SysWOW64\cryptbase.dll is selected because it matches selected pattern: *
[2017-04-25 10:11:44] [warning] Cannot find pdb for C:\Windows\SysWOW64\cryptbase.dll
[2017-04-25 10:11:44] [info] Module: C:\Windows\SysWOW64\bcryptprimitives.dll is selected because it matches selected pattern: *
[2017-04-25 10:11:44] [warning] Cannot find pdb for C:\Windows\SysWOW64\bcryptprimitives.dll
[2017-04-25 10:11:44] [info] Module: C:\Windows\SysWOW64\sechost.dll is selected because it matches selected pattern: *
[2017-04-25 10:11:44] [warning] Cannot find pdb for C:\Windows\SysWOW64\sechost.dll
[2017-04-25 10:11:44] [info] Module: C:\Windows\SysWOW64\powrprof.dll is selected because it matches selected pattern: *
[2017-04-25 10:11:44] [warning] Cannot find pdb for C:\Windows\SysWOW64\powrprof.dll
[2017-04-25 10:11:44] [info] Module: C:\Windows\SysWOW64\advapi32.dll is selected because it matches selected pattern: *
[2017-04-25 10:11:44] [warning] Cannot find pdb for C:\Windows\SysWOW64\advapi32.dll
[2017-04-25 10:11:44] [info] Module: C:\Windows\SysWOW64\shlwapi.dll is selected because it matches selected pattern: *
[2017-04-25 10:11:44] [warning] Cannot find pdb for C:\Windows\SysWOW64\shlwapi.dll
[2017-04-25 10:11:44] [info] Module: C:\Windows\SysWOW64\gdi32.dll is selected because it matches selected pattern: *
[2017-04-25 10:11:44] [warning] Cannot find pdb for C:\Windows\SysWOW64\gdi32.dll
[2017-04-25 10:11:44] [info] Module: C:\Windows\SysWOW64\gdi32full.dll is selected because it matches selected pattern: *
[2017-04-25 10:11:44] [warning] Cannot find pdb for C:\Windows\SysWOW64\gdi32full.dll
[2017-04-25 10:11:44] [info] Module: C:\Windows\SysWOW64\user32.dll is selected because it matches selected pattern: *
[2017-04-25 10:11:44] [warning] Cannot find pdb for C:\Windows\SysWOW64\user32.dll
[2017-04-25 10:11:44] [info] Module: C:\Windows\SysWOW64\win32u.dll is selected because it matches selected pattern: *
[2017-04-25 10:11:44] [warning] Cannot find pdb for C:\Windows\SysWOW64\win32u.dll
[2017-04-25 10:11:44] [info] Module: C:\Windows\SysWOW64\kernel.appcore.dll is selected because it matches selected pattern: *
[2017-04-25 10:11:44] [warning] Cannot find pdb for C:\Windows\SysWOW64\kernel.appcore.dll
[2017-04-25 10:11:44] [info] Module: C:\Windows\SysWOW64\SHCore.dll is selected because it matches selected pattern: *
[2017-04-25 10:11:44] [warning] Cannot find pdb for C:\Windows\SysWOW64\SHCore.dll
[2017-04-25 10:11:44] [info] Module: C:\Windows\SysWOW64\profapi.dll is selected because it matches selected pattern: *
[2017-04-25 10:11:44] [warning] Cannot find pdb for C:\Windows\SysWOW64\profapi.dll
[2017-04-25 10:11:44] [info] Module: C:\Windows\SysWOW64\vcruntime140d.dll is selected because it matches selected pattern: *
[2017-04-25 10:11:44] [warning] Cannot find pdb for C:\Windows\SysWOW64\vcruntime140d.dll
[2017-04-25 10:11:44] [info] Module: C:\Windows\SysWOW64\ucrtbased.dll is selected because it matches selected pattern: *
[2017-04-25 10:11:44] [warning] Cannot find pdb for C:\Windows\SysWOW64\ucrtbased.dll
[2017-04-25 10:11:44] [info] Module: C:\Windows\SysWOW64\msvcp140d.dll is selected because it matches selected pattern: *
[2017-04-25 10:11:44] [warning] Cannot find pdb for C:\Windows\SysWOW64\msvcp140d.dll
[2017-04-25 10:11:44] [info] Module: C:\Windows\SysWOW64\imm32.dll is selected because it matches selected pattern: *
[2017-04-25 10:11:44] [warning] Cannot find pdb for C:\Windows\SysWOW64\imm32.dll
[2017-04-25 10:11:44] [info] Module: C:\Windows\SysWOW64\uxtheme.dll is selected because it matches selected pattern: *
[2017-04-25 10:11:44] [warning] Cannot find pdb for C:\Windows\SysWOW64\uxtheme.dll
[2017-04-25 10:11:44] [info] Module: C:\Windows\SysWOW64\ole32.dll is selected because it matches selected pattern: *
[2017-04-25 10:11:44] [warning] Cannot find pdb for C:\Windows\SysWOW64\ole32.dll
[2017-04-25 10:11:44] [info] Module: C:\Windows\SysWOW64\propsys.dll is selected because it matches selected pattern: *
[2017-04-25 10:11:44] [warning] Cannot find pdb for C:\Windows\SysWOW64\propsys.dll
[2017-04-25 10:11:44] [info] Module: C:\Windows\SysWOW64\oleaut32.dll is selected because it matches selected pattern: *
[2017-04-25 10:11:44] [warning] Cannot find pdb for C:\Windows\SysWOW64\oleaut32.dll
[2017-04-25 10:11:44] [info] Module: C:\Windows\SysWOW64\msvcp_win.dll is selected because it matches selected pattern: *
[2017-04-25 10:11:44] [warning] Cannot find pdb for C:\Windows\SysWOW64\msvcp_win.dll
[2017-04-25 10:11:44] [info] Module: C:\Windows\SysWOW64\clbcatq.dll is selected because it matches selected pattern: *
[2017-04-25 10:11:44] [warning] Cannot find pdb for C:\Windows\SysWOW64\clbcatq.dll
[2017-04-25 10:11:44] [info] Module: C:\Windows\SysWOW64\actxprxy.dll is selected because it matches selected pattern: *
[2017-04-25 10:11:44] [warning] Cannot find pdb for C:\Windows\SysWOW64\actxprxy.dll
[2017-04-25 10:11:44] [info] Module: C:\Windows\SysWOW64\edputil.dll is selected because it matches selected pattern: *
[2017-04-25 10:11:44] [warning] Cannot find pdb for C:\Windows\SysWOW64\edputil.dll
[2017-04-25 10:11:44] [info] Module: C:\Windows\SysWOW64\urlmon.dll is selected because it matches selected pattern: *
[2017-04-25 10:11:44] [warning] Cannot find pdb for C:\Windows\SysWOW64\urlmon.dll
[2017-04-25 10:11:44] [info] Module: C:\Windows\SysWOW64\iertutil.dll is selected because it matches selected pattern: *
[2017-04-25 10:11:44] [warning] Cannot find pdb for C:\Windows\SysWOW64\iertutil.dll
[2017-04-25 10:11:44] [info] Module: C:\Windows\SysWOW64\apphelp.dll is selected because it matches selected pattern: *
[2017-04-25 10:11:44] [warning] Cannot find pdb for C:\Windows\SysWOW64\apphelp.dll
[2017-04-25 10:11:44] [info] Module: C:\Windows\SysWOW64\actxprxy.dll is selected because it matches selected pattern: *
[2017-04-25 10:11:44] [warning] Cannot find pdb for C:\Windows\SysWOW64\actxprxy.dll
[2017-04-25 10:11:45] [info] ----------------------------------------------------
[2017-04-25 10:11:45] [info] Coverage generated in Folder C:\Users\Cristian\Desktop\Lab5-6 Update - 2\CoverageReport-2017-04-25-10h11m45s
[2017-04-25 10:11:45] [info] ----------------------------------------------------
